{"C:\\Users\\peres\\Desktop\\projects\\portfolio-website\\portfolio-website-server\\client\\src\\App.js": {"path":"C:\\Users\\peres\\Desktop\\projects\\portfolio-website\\portfolio-website-server\\client\\src\\App.js","statementMap":{"0":{"start":{"line":15,"column":2},"end":{"line":25,"column":4}}},"fnMap":{"0":{"name":"App","decl":{"start":{"line":14,"column":9},"end":{"line":14,"column":12}},"loc":{"start":{"line":14,"column":15},"end":{"line":26,"column":1}},"line":14}},"branchMap":{},"s":{"0":8},"f":{"0":8},"b":{},"_coverageSchema":"43e27e138ebf9cfc5966b082cf9a028302ed4184","hash":"4b2e21f610f50ad775ee629de20cbc159fd6a733"}
,"C:\\Users\\peres\\Desktop\\projects\\portfolio-website\\portfolio-website-server\\client\\src\\index.js": {"path":"C:\\Users\\peres\\Desktop\\projects\\portfolio-website\\portfolio-website-server\\client\\src\\index.js","statementMap":{"0":{"start":{"line":8,"column":0},"end":{"line":13,"column":2}},"1":{"start":{"line":18,"column":0},"end":{"line":18,"column":27}}},"fnMap":{},"branchMap":{},"s":{"0":0,"1":0},"f":{},"b":{},"hash":"3e0180cf3c2c044654572d08266b2dc93d31a860"}
,"C:\\Users\\peres\\Desktop\\projects\\portfolio-website\\portfolio-website-server\\client\\src\\serviceWorker.js": {"path":"C:\\Users\\peres\\Desktop\\projects\\portfolio-website\\portfolio-website-server\\client\\src\\serviceWorker.js","statementMap":{"0":{"start":{"line":13,"column":20},"end":{"line":21,"column":1}},"1":{"start":{"line":24,"column":2},"end":{"line":54,"column":3}},"2":{"start":{"line":26,"column":22},"end":{"line":26,"column":75}},"3":{"start":{"line":27,"column":4},"end":{"line":32,"column":5}},"4":{"start":{"line":31,"column":6},"end":{"line":31,"column":13}},"5":{"start":{"line":34,"column":4},"end":{"line":53,"column":7}},"6":{"start":{"line":35,"column":20},"end":{"line":35,"column":65}},"7":{"start":{"line":37,"column":6},"end":{"line":52,"column":7}},"8":{"start":{"line":39,"column":8},"end":{"line":39,"column":47}},"9":{"start":{"line":43,"column":8},"end":{"line":48,"column":11}},"10":{"start":{"line":44,"column":10},"end":{"line":47,"column":12}},"11":{"start":{"line":51,"column":8},"end":{"line":51,"column":39}},"12":{"start":{"line":58,"column":2},"end":{"line":98,"column":7}},"13":{"start":{"line":61,"column":6},"end":{"line":94,"column":8}},"14":{"start":{"line":62,"column":33},"end":{"line":62,"column":56}},"15":{"start":{"line":63,"column":8},"end":{"line":65,"column":9}},"16":{"start":{"line":64,"column":10},"end":{"line":64,"column":17}},"17":{"start":{"line":66,"column":8},"end":{"line":93,"column":10}},"18":{"start":{"line":67,"column":10},"end":{"line":92,"column":11}},"19":{"start":{"line":68,"column":12},"end":{"line":91,"column":13}},"20":{"start":{"line":72,"column":14},"end":{"line":75,"column":16}},"21":{"start":{"line":78,"column":14},"end":{"line":80,"column":15}},"22":{"start":{"line":79,"column":16},"end":{"line":79,"column":46}},"23":{"start":{"line":85,"column":14},"end":{"line":85,"column":64}},"24":{"start":{"line":88,"column":14},"end":{"line":90,"column":15}},"25":{"start":{"line":89,"column":16},"end":{"line":89,"column":47}},"26":{"start":{"line":97,"column":6},"end":{"line":97,"column":72}},"27":{"start":{"line":103,"column":2},"end":{"line":126,"column":7}},"28":{"start":{"line":106,"column":26},"end":{"line":106,"column":62}},"29":{"start":{"line":107,"column":6},"end":{"line":120,"column":7}},"30":{"start":{"line":112,"column":8},"end":{"line":116,"column":11}},"31":{"start":{"line":113,"column":10},"end":{"line":115,"column":13}},"32":{"start":{"line":114,"column":12},"end":{"line":114,"column":37}},"33":{"start":{"line":119,"column":8},"end":{"line":119,"column":39}},"34":{"start":{"line":123,"column":6},"end":{"line":125,"column":8}},"35":{"start":{"line":130,"column":2},"end":{"line":134,"column":3}},"36":{"start":{"line":131,"column":4},"end":{"line":133,"column":7}},"37":{"start":{"line":132,"column":6},"end":{"line":132,"column":32}}},"fnMap":{"0":{"name":"register","decl":{"start":{"line":23,"column":16},"end":{"line":23,"column":24}},"loc":{"start":{"line":23,"column":33},"end":{"line":55,"column":1}},"line":23},"1":{"name":"(anonymous_1)","decl":{"start":{"line":34,"column":36},"end":{"line":34,"column":37}},"loc":{"start":{"line":34,"column":42},"end":{"line":53,"column":5}},"line":34},"2":{"name":"(anonymous_2)","decl":{"start":{"line":43,"column":43},"end":{"line":43,"column":44}},"loc":{"start":{"line":43,"column":49},"end":{"line":48,"column":9}},"line":43},"3":{"name":"registerValidSW","decl":{"start":{"line":57,"column":9},"end":{"line":57,"column":24}},"loc":{"start":{"line":57,"column":40},"end":{"line":99,"column":1}},"line":57},"4":{"name":"(anonymous_4)","decl":{"start":{"line":60,"column":10},"end":{"line":60,"column":11}},"loc":{"start":{"line":60,"column":26},"end":{"line":95,"column":5}},"line":60},"5":{"name":"(anonymous_5)","decl":{"start":{"line":61,"column":35},"end":{"line":61,"column":36}},"loc":{"start":{"line":61,"column":41},"end":{"line":94,"column":7}},"line":61},"6":{"name":"(anonymous_6)","decl":{"start":{"line":66,"column":41},"end":{"line":66,"column":42}},"loc":{"start":{"line":66,"column":47},"end":{"line":93,"column":9}},"line":66},"7":{"name":"(anonymous_7)","decl":{"start":{"line":96,"column":11},"end":{"line":96,"column":12}},"loc":{"start":{"line":96,"column":20},"end":{"line":98,"column":5}},"line":96},"8":{"name":"checkValidServiceWorker","decl":{"start":{"line":101,"column":9},"end":{"line":101,"column":32}},"loc":{"start":{"line":101,"column":48},"end":{"line":127,"column":1}},"line":101},"9":{"name":"(anonymous_9)","decl":{"start":{"line":104,"column":10},"end":{"line":104,"column":11}},"loc":{"start":{"line":104,"column":22},"end":{"line":121,"column":5}},"line":104},"10":{"name":"(anonymous_10)","decl":{"start":{"line":112,"column":43},"end":{"line":112,"column":44}},"loc":{"start":{"line":112,"column":59},"end":{"line":116,"column":9}},"line":112},"11":{"name":"(anonymous_11)","decl":{"start":{"line":113,"column":41},"end":{"line":113,"column":42}},"loc":{"start":{"line":113,"column":47},"end":{"line":115,"column":11}},"line":113},"12":{"name":"(anonymous_12)","decl":{"start":{"line":122,"column":11},"end":{"line":122,"column":12}},"loc":{"start":{"line":122,"column":17},"end":{"line":126,"column":5}},"line":122},"13":{"name":"unregister","decl":{"start":{"line":129,"column":16},"end":{"line":129,"column":26}},"loc":{"start":{"line":129,"column":29},"end":{"line":135,"column":1}},"line":129},"14":{"name":"(anonymous_14)","decl":{"start":{"line":131,"column":39},"end":{"line":131,"column":40}},"loc":{"start":{"line":131,"column":55},"end":{"line":133,"column":5}},"line":131}},"branchMap":{"0":{"loc":{"start":{"line":14,"column":2},"end":{"line":20,"column":5}},"type":"binary-expr","locations":[{"start":{"line":14,"column":2},"end":{"line":14,"column":42}},{"start":{"line":16,"column":4},"end":{"line":16,"column":40}},{"start":{"line":18,"column":4},"end":{"line":20,"column":5}}],"line":14},"1":{"loc":{"start":{"line":24,"column":2},"end":{"line":54,"column":3}},"type":"if","locations":[{"start":{"line":24,"column":2},"end":{"line":54,"column":3}},{"start":{"line":24,"column":2},"end":{"line":54,"column":3}}],"line":24},"2":{"loc":{"start":{"line":24,"column":6},"end":{"line":24,"column":75}},"type":"binary-expr","locations":[{"start":{"line":24,"column":6},"end":{"line":24,"column":43}},{"start":{"line":24,"column":47},"end":{"line":24,"column":75}}],"line":24},"3":{"loc":{"start":{"line":27,"column":4},"end":{"line":32,"column":5}},"type":"if","locations":[{"start":{"line":27,"column":4},"end":{"line":32,"column":5}},{"start":{"line":27,"column":4},"end":{"line":32,"column":5}}],"line":27},"4":{"loc":{"start":{"line":37,"column":6},"end":{"line":52,"column":7}},"type":"if","locations":[{"start":{"line":37,"column":6},"end":{"line":52,"column":7}},{"start":{"line":37,"column":6},"end":{"line":52,"column":7}}],"line":37},"5":{"loc":{"start":{"line":63,"column":8},"end":{"line":65,"column":9}},"type":"if","locations":[{"start":{"line":63,"column":8},"end":{"line":65,"column":9}},{"start":{"line":63,"column":8},"end":{"line":65,"column":9}}],"line":63},"6":{"loc":{"start":{"line":67,"column":10},"end":{"line":92,"column":11}},"type":"if","locations":[{"start":{"line":67,"column":10},"end":{"line":92,"column":11}},{"start":{"line":67,"column":10},"end":{"line":92,"column":11}}],"line":67},"7":{"loc":{"start":{"line":68,"column":12},"end":{"line":91,"column":13}},"type":"if","locations":[{"start":{"line":68,"column":12},"end":{"line":91,"column":13}},{"start":{"line":68,"column":12},"end":{"line":91,"column":13}}],"line":68},"8":{"loc":{"start":{"line":78,"column":14},"end":{"line":80,"column":15}},"type":"if","locations":[{"start":{"line":78,"column":14},"end":{"line":80,"column":15}},{"start":{"line":78,"column":14},"end":{"line":80,"column":15}}],"line":78},"9":{"loc":{"start":{"line":78,"column":18},"end":{"line":78,"column":43}},"type":"binary-expr","locations":[{"start":{"line":78,"column":18},"end":{"line":78,"column":24}},{"start":{"line":78,"column":28},"end":{"line":78,"column":43}}],"line":78},"10":{"loc":{"start":{"line":88,"column":14},"end":{"line":90,"column":15}},"type":"if","locations":[{"start":{"line":88,"column":14},"end":{"line":90,"column":15}},{"start":{"line":88,"column":14},"end":{"line":90,"column":15}}],"line":88},"11":{"loc":{"start":{"line":88,"column":18},"end":{"line":88,"column":44}},"type":"binary-expr","locations":[{"start":{"line":88,"column":18},"end":{"line":88,"column":24}},{"start":{"line":88,"column":28},"end":{"line":88,"column":44}}],"line":88},"12":{"loc":{"start":{"line":107,"column":6},"end":{"line":120,"column":7}},"type":"if","locations":[{"start":{"line":107,"column":6},"end":{"line":120,"column":7}},{"start":{"line":107,"column":6},"end":{"line":120,"column":7}}],"line":107},"13":{"loc":{"start":{"line":108,"column":8},"end":{"line":109,"column":73}},"type":"binary-expr","locations":[{"start":{"line":108,"column":8},"end":{"line":108,"column":31}},{"start":{"line":109,"column":9},"end":{"line":109,"column":28}},{"start":{"line":109,"column":32},"end":{"line":109,"column":72}}],"line":108},"14":{"loc":{"start":{"line":130,"column":2},"end":{"line":134,"column":3}},"type":"if","locations":[{"start":{"line":130,"column":2},"end":{"line":134,"column":3}},{"start":{"line":130,"column":2},"end":{"line":134,"column":3}}],"line":130}},"s":{"0":0,"1":0,"2":0,"3":0,"4":0,"5":0,"6":0,"7":0,"8":0,"9":0,"10":0,"11":0,"12":0,"13":0,"14":0,"15":0,"16":0,"17":0,"18":0,"19":0,"20":0,"21":0,"22":0,"23":0,"24":0,"25":0,"26":0,"27":0,"28":0,"29":0,"30":0,"31":0,"32":0,"33":0,"34":0,"35":0,"36":0,"37":0},"f":{"0":0,"1":0,"2":0,"3":0,"4":0,"5":0,"6":0,"7":0,"8":0,"9":0,"10":0,"11":0,"12":0,"13":0,"14":0},"b":{"0":[0,0,0],"1":[0,0],"2":[0,0],"3":[0,0],"4":[0,0],"5":[0,0],"6":[0,0],"7":[0,0],"8":[0,0],"9":[0,0],"10":[0,0],"11":[0,0],"12":[0,0],"13":[0,0,0],"14":[0,0]},"hash":"ed25f955d7fdad37956eec6199e585a42c5a3baa"}
,"C:\\Users\\peres\\Desktop\\projects\\portfolio-website\\portfolio-website-server\\client\\src\\Helpers\\FormHandlers.js": {"path":"C:\\Users\\peres\\Desktop\\projects\\portfolio-website\\portfolio-website-server\\client\\src\\Helpers\\FormHandlers.js","statementMap":{},"fnMap":{},"branchMap":{},"s":{},"f":{},"b":{},"hash":"a3f315f7b494854bef20f9364164c6657bdd2063"}
,"C:\\Users\\peres\\Desktop\\projects\\portfolio-website\\portfolio-website-server\\client\\src\\components\\HomePage.jsx": {"path":"C:\\Users\\peres\\Desktop\\projects\\portfolio-website\\portfolio-website-server\\client\\src\\components\\HomePage.jsx","statementMap":{"0":{"start":{"line":15,"column":18},"end":{"line":38,"column":3}},"1":{"start":{"line":15,"column":39},"end":{"line":38,"column":1}},"2":{"start":{"line":41,"column":18},"end":{"line":41,"column":29}},"3":{"start":{"line":42,"column":2},"end":{"line":82,"column":4}},"4":{"start":{"line":51,"column":10},"end":{"line":78,"column":25}}},"fnMap":{"0":{"name":"(anonymous_0)","decl":{"start":{"line":15,"column":29},"end":{"line":15,"column":30}},"loc":{"start":{"line":15,"column":39},"end":{"line":38,"column":1}},"line":15},"1":{"name":"HomePage","decl":{"start":{"line":40,"column":24},"end":{"line":40,"column":32}},"loc":{"start":{"line":40,"column":35},"end":{"line":83,"column":1}},"line":40},"2":{"name":"(anonymous_2)","decl":{"start":{"line":50,"column":26},"end":{"line":50,"column":27}},"loc":{"start":{"line":51,"column":10},"end":{"line":78,"column":25}},"line":51}},"branchMap":{"0":{"loc":{"start":{"line":53,"column":18},"end":{"line":53,"column":35}},"type":"binary-expr","locations":[{"start":{"line":53,"column":18},"end":{"line":53,"column":30}},{"start":{"line":53,"column":34},"end":{"line":53,"column":35}}],"line":53},"1":{"loc":{"start":{"line":54,"column":18},"end":{"line":54,"column":35}},"type":"binary-expr","locations":[{"start":{"line":54,"column":18},"end":{"line":54,"column":30}},{"start":{"line":54,"column":34},"end":{"line":54,"column":35}}],"line":54}},"s":{"0":1,"1":8,"2":8,"3":8,"4":40},"f":{"0":8,"1":8,"2":40},"b":{"0":[40,0],"1":[40,0]},"_coverageSchema":"43e27e138ebf9cfc5966b082cf9a028302ed4184","hash":"c9978d8f26311d4f6ee0325984d164290baa828d"}
,"C:\\Users\\peres\\Desktop\\projects\\portfolio-website\\portfolio-website-server\\client\\src\\components\\About\\About.jsx": {"path":"C:\\Users\\peres\\Desktop\\projects\\portfolio-website\\portfolio-website-server\\client\\src\\components\\About\\About.jsx","statementMap":{"0":{"start":{"line":8,"column":18},"end":{"line":22,"column":2}},"1":{"start":{"line":25,"column":18},"end":{"line":25,"column":29}},"2":{"start":{"line":26,"column":2},"end":{"line":34,"column":4}}},"fnMap":{"0":{"name":"About","decl":{"start":{"line":24,"column":24},"end":{"line":24,"column":29}},"loc":{"start":{"line":24,"column":32},"end":{"line":35,"column":1}},"line":24}},"branchMap":{},"s":{"0":1,"1":1,"2":1},"f":{"0":1},"b":{},"_coverageSchema":"43e27e138ebf9cfc5966b082cf9a028302ed4184","hash":"04ba3459ef23bbfdcac8bc0b92ebe3eb8ac7e032"}
,"C:\\Users\\peres\\Desktop\\projects\\portfolio-website\\portfolio-website-server\\client\\src\\components\\About\\DescriptionMe.jsx": {"path":"C:\\Users\\peres\\Desktop\\projects\\portfolio-website\\portfolio-website-server\\client\\src\\components\\About\\DescriptionMe.jsx","statementMap":{"0":{"start":{"line":7,"column":18},"end":{"line":12,"column":2}},"1":{"start":{"line":15,"column":18},"end":{"line":15,"column":29}},"2":{"start":{"line":16,"column":2},"end":{"line":35,"column":4}}},"fnMap":{"0":{"name":"DescriptionMe","decl":{"start":{"line":14,"column":24},"end":{"line":14,"column":37}},"loc":{"start":{"line":14,"column":40},"end":{"line":36,"column":1}},"line":14}},"branchMap":{},"s":{"0":1,"1":1,"2":1},"f":{"0":1},"b":{},"_coverageSchema":"43e27e138ebf9cfc5966b082cf9a028302ed4184","hash":"f3e46621106124f55cfd65061622aa11eeab53ab"}
,"C:\\Users\\peres\\Desktop\\projects\\portfolio-website\\portfolio-website-server\\client\\src\\components\\About\\ProfilePhoto.jsx": {"path":"C:\\Users\\peres\\Desktop\\projects\\portfolio-website\\portfolio-website-server\\client\\src\\components\\About\\ProfilePhoto.jsx","statementMap":{"0":{"start":{"line":7,"column":18},"end":{"line":15,"column":2}},"1":{"start":{"line":18,"column":18},"end":{"line":18,"column":29}},"2":{"start":{"line":19,"column":2},"end":{"line":23,"column":4}}},"fnMap":{"0":{"name":"ProfilePhoto","decl":{"start":{"line":17,"column":24},"end":{"line":17,"column":36}},"loc":{"start":{"line":17,"column":39},"end":{"line":24,"column":1}},"line":17}},"branchMap":{},"s":{"0":1,"1":1,"2":1},"f":{"0":1},"b":{},"_coverageSchema":"43e27e138ebf9cfc5966b082cf9a028302ed4184","hash":"4853b82bb2d2cb6353a4c8271ed86b42800fe962"}
,"C:\\Users\\peres\\Desktop\\projects\\portfolio-website\\portfolio-website-server\\client\\src\\components\\Contact\\ContactDetails.jsx": {"path":"C:\\Users\\peres\\Desktop\\projects\\portfolio-website\\portfolio-website-server\\client\\src\\components\\Contact\\ContactDetails.jsx","statementMap":{"0":{"start":{"line":10,"column":18},"end":{"line":26,"column":3}},"1":{"start":{"line":10,"column":39},"end":{"line":26,"column":1}},"2":{"start":{"line":29,"column":18},"end":{"line":29,"column":29}},"3":{"start":{"line":30,"column":2},"end":{"line":66,"column":4}}},"fnMap":{"0":{"name":"(anonymous_0)","decl":{"start":{"line":10,"column":29},"end":{"line":10,"column":30}},"loc":{"start":{"line":10,"column":39},"end":{"line":26,"column":1}},"line":10},"1":{"name":"ContactDetails","decl":{"start":{"line":28,"column":24},"end":{"line":28,"column":38}},"loc":{"start":{"line":28,"column":41},"end":{"line":67,"column":1}},"line":28}},"branchMap":{},"s":{"0":1,"1":1,"2":1,"3":1},"f":{"0":1,"1":1},"b":{},"_coverageSchema":"43e27e138ebf9cfc5966b082cf9a028302ed4184","hash":"75488fe178308043795aebabf635166409f144ed"}
,"C:\\Users\\peres\\Desktop\\projects\\portfolio-website\\portfolio-website-server\\client\\src\\components\\Contact\\ContactPage.jsx": {"path":"C:\\Users\\peres\\Desktop\\projects\\portfolio-website\\portfolio-website-server\\client\\src\\components\\Contact\\ContactPage.jsx","statementMap":{"0":{"start":{"line":8,"column":18},"end":{"line":15,"column":2}},"1":{"start":{"line":19,"column":18},"end":{"line":19,"column":29}},"2":{"start":{"line":20,"column":2},"end":{"line":25,"column":4}}},"fnMap":{"0":{"name":"ContactPage","decl":{"start":{"line":17,"column":24},"end":{"line":17,"column":35}},"loc":{"start":{"line":17,"column":38},"end":{"line":26,"column":1}},"line":17}},"branchMap":{},"s":{"0":1,"1":1,"2":1},"f":{"0":1},"b":{},"_coverageSchema":"43e27e138ebf9cfc5966b082cf9a028302ed4184","hash":"2cf7b61022a40b28069004f338fc81b9c5f765f0"}
,"C:\\Users\\peres\\Desktop\\projects\\portfolio-website\\portfolio-website-server\\client\\src\\components\\Footer\\ContactDetails.jsx": {"path":"C:\\Users\\peres\\Desktop\\projects\\portfolio-website\\portfolio-website-server\\client\\src\\components\\Footer\\ContactDetails.jsx","statementMap":{"0":{"start":{"line":8,"column":18},"end":{"line":20,"column":2}},"1":{"start":{"line":23,"column":18},"end":{"line":23,"column":29}},"2":{"start":{"line":24,"column":2},"end":{"line":30,"column":4}}},"fnMap":{"0":{"name":"ContactDetails","decl":{"start":{"line":22,"column":24},"end":{"line":22,"column":38}},"loc":{"start":{"line":22,"column":41},"end":{"line":31,"column":1}},"line":22}},"branchMap":{},"s":{"0":1,"1":10,"2":10},"f":{"0":10},"b":{},"_coverageSchema":"43e27e138ebf9cfc5966b082cf9a028302ed4184","hash":"ca7eba36a90e73d644890d4787cdbfa3ba60dbc1"}
,"C:\\Users\\peres\\Desktop\\projects\\portfolio-website\\portfolio-website-server\\client\\src\\components\\Footer\\Copyright.jsx": {"path":"C:\\Users\\peres\\Desktop\\projects\\portfolio-website\\portfolio-website-server\\client\\src\\components\\Footer\\Copyright.jsx","statementMap":{"0":{"start":{"line":7,"column":18},"end":{"line":16,"column":2}},"1":{"start":{"line":17,"column":20},"end":{"line":17,"column":44}},"2":{"start":{"line":20,"column":18},"end":{"line":20,"column":29}},"3":{"start":{"line":21,"column":2},"end":{"line":26,"column":4}}},"fnMap":{"0":{"name":"Copyright","decl":{"start":{"line":19,"column":24},"end":{"line":19,"column":33}},"loc":{"start":{"line":19,"column":36},"end":{"line":27,"column":1}},"line":19}},"branchMap":{},"s":{"0":1,"1":1,"2":11,"3":11},"f":{"0":11},"b":{},"_coverageSchema":"43e27e138ebf9cfc5966b082cf9a028302ed4184","hash":"bd7e01c2dee2c3a1079e2972a74784311e3ad377"}
,"C:\\Users\\peres\\Desktop\\projects\\portfolio-website\\portfolio-website-server\\client\\src\\components\\Footer\\Footer.jsx": {"path":"C:\\Users\\peres\\Desktop\\projects\\portfolio-website\\portfolio-website-server\\client\\src\\components\\Footer\\Footer.jsx","statementMap":{"0":{"start":{"line":11,"column":18},"end":{"line":27,"column":3}},"1":{"start":{"line":11,"column":39},"end":{"line":27,"column":1}},"2":{"start":{"line":30,"column":34},"end":{"line":30,"column":48}},"3":{"start":{"line":31,"column":18},"end":{"line":31,"column":29}},"4":{"start":{"line":32,"column":2},"end":{"line":47,"column":3}},"5":{"start":{"line":33,"column":4},"end":{"line":37,"column":6}},"6":{"start":{"line":39,"column":4},"end":{"line":46,"column":6}}},"fnMap":{"0":{"name":"(anonymous_0)","decl":{"start":{"line":11,"column":29},"end":{"line":11,"column":30}},"loc":{"start":{"line":11,"column":39},"end":{"line":27,"column":1}},"line":11},"1":{"name":"Footer","decl":{"start":{"line":29,"column":24},"end":{"line":29,"column":30}},"loc":{"start":{"line":29,"column":38},"end":{"line":48,"column":1}},"line":29}},"branchMap":{"0":{"loc":{"start":{"line":32,"column":2},"end":{"line":47,"column":3}},"type":"if","locations":[{"start":{"line":32,"column":2},"end":{"line":47,"column":3}},{"start":{"line":32,"column":2},"end":{"line":47,"column":3}}],"line":32}},"s":{"0":1,"1":8,"2":11,"3":11,"4":11,"5":1,"6":10},"f":{"0":8,"1":11},"b":{"0":[1,10]},"_coverageSchema":"43e27e138ebf9cfc5966b082cf9a028302ed4184","hash":"544a94c16fb36b06f3128d35a5eff7ed28a9fd60"}
,"C:\\Users\\peres\\Desktop\\projects\\portfolio-website\\portfolio-website-server\\client\\src\\components\\Footer\\SocialMedia.jsx": {"path":"C:\\Users\\peres\\Desktop\\projects\\portfolio-website\\portfolio-website-server\\client\\src\\components\\Footer\\SocialMedia.jsx","statementMap":{"0":{"start":{"line":10,"column":18},"end":{"line":14,"column":2}},"1":{"start":{"line":17,"column":18},"end":{"line":17,"column":29}},"2":{"start":{"line":18,"column":2},"end":{"line":48,"column":4}}},"fnMap":{"0":{"name":"SocialMedia","decl":{"start":{"line":16,"column":24},"end":{"line":16,"column":35}},"loc":{"start":{"line":16,"column":38},"end":{"line":49,"column":1}},"line":16}},"branchMap":{},"s":{"0":1,"1":10,"2":10},"f":{"0":10},"b":{},"_coverageSchema":"43e27e138ebf9cfc5966b082cf9a028302ed4184","hash":"08267f05734cbd9acc30e67011956d8c001350e6"}
,"C:\\Users\\peres\\Desktop\\projects\\portfolio-website\\portfolio-website-server\\client\\src\\components\\Form\\ContactUsForm.jsx": {"path":"C:\\Users\\peres\\Desktop\\projects\\portfolio-website\\portfolio-website-server\\client\\src\\components\\Form\\ContactUsForm.jsx","statementMap":{"0":{"start":{"line":7,"column":18},"end":{"line":24,"column":2}},"1":{"start":{"line":27,"column":18},"end":{"line":27,"column":29}},"2":{"start":{"line":28,"column":2},"end":{"line":59,"column":4}}},"fnMap":{"0":{"name":"ContactUsForm","decl":{"start":{"line":26,"column":24},"end":{"line":26,"column":37}},"loc":{"start":{"line":26,"column":52},"end":{"line":60,"column":1}},"line":26}},"branchMap":{"0":{"loc":{"start":{"line":52,"column":12},"end":{"line":52,"column":64}},"type":"cond-expr","locations":[{"start":{"line":52,"column":23},"end":{"line":52,"column":43}},{"start":{"line":52,"column":46},"end":{"line":52,"column":64}}],"line":52}},"s":{"0":1,"1":11,"2":11},"f":{"0":11},"b":{"0":[10,1]},"_coverageSchema":"43e27e138ebf9cfc5966b082cf9a028302ed4184","hash":"24a6174a69ff6ed42d55271e061fadb14dca54d0"}
,"C:\\Users\\peres\\Desktop\\projects\\portfolio-website\\portfolio-website-server\\client\\src\\components\\Form\\FormContainer.jsx": {"path":"C:\\Users\\peres\\Desktop\\projects\\portfolio-website\\portfolio-website-server\\client\\src\\components\\Form\\FormContainer.jsx","statementMap":{"0":{"start":{"line":10,"column":18},"end":{"line":14,"column":2}},"1":{"start":{"line":16,"column":22},"end":{"line":20,"column":1}},"2":{"start":{"line":23,"column":44},"end":{"line":23,"column":59}},"3":{"start":{"line":24,"column":54},"end":{"line":24,"column":69}},"4":{"start":{"line":26,"column":2},"end":{"line":29,"column":9}},"5":{"start":{"line":27,"column":4},"end":{"line":27,"column":28}},"6":{"start":{"line":28,"column":4},"end":{"line":28,"column":33}},"7":{"start":{"line":31,"column":28},"end":{"line":43,"column":3}},"8":{"start":{"line":32,"column":4},"end":{"line":42,"column":9}},"9":{"start":{"line":35,"column":8},"end":{"line":35,"column":31}},"10":{"start":{"line":36,"column":8},"end":{"line":36,"column":37}},"11":{"start":{"line":37,"column":8},"end":{"line":37,"column":27}},"12":{"start":{"line":40,"column":8},"end":{"line":40,"column":31}},"13":{"start":{"line":41,"column":8},"end":{"line":41,"column":36}},"14":{"start":{"line":44,"column":18},"end":{"line":44,"column":29}},"15":{"start":{"line":45,"column":2},"end":{"line":57,"column":4}},"16":{"start":{"line":50,"column":27},"end":{"line":50,"column":75}}},"fnMap":{"0":{"name":"FormContainer","decl":{"start":{"line":22,"column":24},"end":{"line":22,"column":37}},"loc":{"start":{"line":22,"column":52},"end":{"line":58,"column":1}},"line":22},"1":{"name":"(anonymous_1)","decl":{"start":{"line":26,"column":12},"end":{"line":26,"column":13}},"loc":{"start":{"line":26,"column":18},"end":{"line":29,"column":3}},"line":26},"2":{"name":"(anonymous_2)","decl":{"start":{"line":31,"column":28},"end":{"line":31,"column":29}},"loc":{"start":{"line":31,"column":48},"end":{"line":43,"column":3}},"line":31},"3":{"name":"(anonymous_3)","decl":{"start":{"line":34,"column":12},"end":{"line":34,"column":13}},"loc":{"start":{"line":34,"column":19},"end":{"line":38,"column":7}},"line":34},"4":{"name":"(anonymous_4)","decl":{"start":{"line":39,"column":13},"end":{"line":39,"column":14}},"loc":{"start":{"line":39,"column":22},"end":{"line":42,"column":7}},"line":39},"5":{"name":"(anonymous_5)","decl":{"start":{"line":50,"column":18},"end":{"line":50,"column":19}},"loc":{"start":{"line":50,"column":27},"end":{"line":50,"column":75}},"line":50}},"branchMap":{"0":{"loc":{"start":{"line":33,"column":13},"end":{"line":33,"column":44}},"type":"binary-expr","locations":[{"start":{"line":33,"column":13},"end":{"line":33,"column":38}},{"start":{"line":33,"column":42},"end":{"line":33,"column":44}}],"line":33}},"s":{"0":1,"1":1,"2":11,"3":11,"4":11,"5":9,"6":9,"7":11,"8":0,"9":0,"10":0,"11":0,"12":0,"13":0,"14":11,"15":11,"16":11},"f":{"0":11,"1":9,"2":0,"3":0,"4":0,"5":11},"b":{"0":[0,0]},"_coverageSchema":"43e27e138ebf9cfc5966b082cf9a028302ed4184","hash":"3111d871471b33c8ec7b99845eabeba09260d61d"}
,"C:\\Users\\peres\\Desktop\\projects\\portfolio-website\\portfolio-website-server\\client\\src\\components\\Form\\FormMessage.jsx": {"path":"C:\\Users\\peres\\Desktop\\projects\\portfolio-website\\portfolio-website-server\\client\\src\\components\\Form\\FormMessage.jsx","statementMap":{"0":{"start":{"line":5,"column":18},"end":{"line":12,"column":2}},"1":{"start":{"line":15,"column":18},"end":{"line":15,"column":29}},"2":{"start":{"line":16,"column":2},"end":{"line":26,"column":3}},"3":{"start":{"line":17,"column":4},"end":{"line":17,"column":16}},"4":{"start":{"line":19,"column":4},"end":{"line":25,"column":6}}},"fnMap":{"0":{"name":"FormMessage","decl":{"start":{"line":14,"column":24},"end":{"line":14,"column":35}},"loc":{"start":{"line":14,"column":43},"end":{"line":27,"column":1}},"line":14}},"branchMap":{"0":{"loc":{"start":{"line":16,"column":2},"end":{"line":26,"column":3}},"type":"if","locations":[{"start":{"line":16,"column":2},"end":{"line":26,"column":3}},{"start":{"line":16,"column":2},"end":{"line":26,"column":3}}],"line":16},"1":{"loc":{"start":{"line":19,"column":11},"end":{"line":25,"column":5}},"type":"cond-expr","locations":[{"start":{"line":20,"column":6},"end":{"line":20,"column":79}},{"start":{"line":22,"column":6},"end":{"line":24,"column":12}}],"line":19},"2":{"loc":{"start":{"line":19,"column":11},"end":{"line":19,"column":59}},"type":"binary-expr","locations":[{"start":{"line":19,"column":11},"end":{"line":19,"column":30}},{"start":{"line":19,"column":34},"end":{"line":19,"column":59}}],"line":19}},"s":{"0":1,"1":11,"2":11,"3":11,"4":0},"f":{"0":11},"b":{"0":[11,0],"1":[0,0],"2":[0,0]},"_coverageSchema":"43e27e138ebf9cfc5966b082cf9a028302ed4184","hash":"34d318d9e6d59d0555c6c74dfff86bd841acacee"}
,"C:\\Users\\peres\\Desktop\\projects\\portfolio-website\\portfolio-website-server\\client\\src\\components\\Header\\Center.jsx": {"path":"C:\\Users\\peres\\Desktop\\projects\\portfolio-website\\portfolio-website-server\\client\\src\\components\\Header\\Center.jsx","statementMap":{"0":{"start":{"line":7,"column":17},"end":{"line":14,"column":2}},"1":{"start":{"line":17,"column":18},"end":{"line":17,"column":28}},"2":{"start":{"line":18,"column":2},"end":{"line":26,"column":4}}},"fnMap":{"0":{"name":"Center","decl":{"start":{"line":16,"column":24},"end":{"line":16,"column":30}},"loc":{"start":{"line":16,"column":33},"end":{"line":27,"column":1}},"line":16}},"branchMap":{},"s":{"0":1,"1":11,"2":11},"f":{"0":11},"b":{},"_coverageSchema":"43e27e138ebf9cfc5966b082cf9a028302ed4184","hash":"2b03f575d390db98ef849dc23daf2530cdfd5853"}
,"C:\\Users\\peres\\Desktop\\projects\\portfolio-website\\portfolio-website-server\\client\\src\\components\\Header\\Header.jsx": {"path":"C:\\Users\\peres\\Desktop\\projects\\portfolio-website\\portfolio-website-server\\client\\src\\components\\Header\\Header.jsx","statementMap":{"0":{"start":{"line":8,"column":18},"end":{"line":18,"column":2}},"1":{"start":{"line":21,"column":18},"end":{"line":21,"column":29}},"2":{"start":{"line":22,"column":2},"end":{"line":27,"column":4}}},"fnMap":{"0":{"name":"Header","decl":{"start":{"line":20,"column":24},"end":{"line":20,"column":30}},"loc":{"start":{"line":20,"column":33},"end":{"line":28,"column":1}},"line":20}},"branchMap":{},"s":{"0":1,"1":11,"2":11},"f":{"0":11},"b":{},"_coverageSchema":"43e27e138ebf9cfc5966b082cf9a028302ed4184","hash":"1cc3318326e1db4fb1af281b097d13ef9c3be033"}
,"C:\\Users\\peres\\Desktop\\projects\\portfolio-website\\portfolio-website-server\\client\\src\\components\\Header\\NavBar.jsx": {"path":"C:\\Users\\peres\\Desktop\\projects\\portfolio-website\\portfolio-website-server\\client\\src\\components\\Header\\NavBar.jsx","statementMap":{"0":{"start":{"line":6,"column":18},"end":{"line":15,"column":2}},"1":{"start":{"line":18,"column":18},"end":{"line":18,"column":29}},"2":{"start":{"line":19,"column":2},"end":{"line":44,"column":4}}},"fnMap":{"0":{"name":"NavBar","decl":{"start":{"line":17,"column":24},"end":{"line":17,"column":30}},"loc":{"start":{"line":17,"column":33},"end":{"line":45,"column":1}},"line":17}},"branchMap":{},"s":{"0":1,"1":11,"2":11},"f":{"0":11},"b":{},"_coverageSchema":"43e27e138ebf9cfc5966b082cf9a028302ed4184","hash":"d9a44eb71a6d581cfcdf01822092b792f4a0ac77"}
,"C:\\Users\\peres\\Desktop\\projects\\portfolio-website\\portfolio-website-server\\client\\src\\components\\Header\\Title.jsx": {"path":"C:\\Users\\peres\\Desktop\\projects\\portfolio-website\\portfolio-website-server\\client\\src\\components\\Header\\Title.jsx","statementMap":{"0":{"start":{"line":7,"column":18},"end":{"line":15,"column":2}},"1":{"start":{"line":18,"column":18},"end":{"line":18,"column":29}},"2":{"start":{"line":19,"column":2},"end":{"line":25,"column":4}}},"fnMap":{"0":{"name":"Title","decl":{"start":{"line":17,"column":24},"end":{"line":17,"column":29}},"loc":{"start":{"line":17,"column":32},"end":{"line":26,"column":1}},"line":17}},"branchMap":{},"s":{"0":1,"1":11,"2":11},"f":{"0":11},"b":{},"_coverageSchema":"43e27e138ebf9cfc5966b082cf9a028302ed4184","hash":"76ea4ba7ac99732d83219285f7cb3e37c5fc72b5"}
,"C:\\Users\\peres\\Desktop\\projects\\portfolio-website\\portfolio-website-server\\client\\src\\components\\ProjectPage\\Before.jsx": {"path":"C:\\Users\\peres\\Desktop\\projects\\portfolio-website\\portfolio-website-server\\client\\src\\components\\ProjectPage\\Before.jsx","statementMap":{"0":{"start":{"line":7,"column":17},"end":{"line":7,"column":35}},"1":{"start":{"line":8,"column":2},"end":{"line":17,"column":4}}},"fnMap":{"0":{"name":"Before","decl":{"start":{"line":6,"column":9},"end":{"line":6,"column":15}},"loc":{"start":{"line":6,"column":23},"end":{"line":18,"column":1}},"line":6}},"branchMap":{"0":{"loc":{"start":{"line":8,"column":9},"end":{"line":17,"column":3}},"type":"cond-expr","locations":[{"start":{"line":8,"column":22},"end":{"line":8,"column":26}},{"start":{"line":9,"column":4},"end":{"line":16,"column":10}}],"line":8}},"s":{"0":9,"1":9},"f":{"0":9},"b":{"0":[4,5]},"_coverageSchema":"43e27e138ebf9cfc5966b082cf9a028302ed4184","hash":"e2fe2a6a7580dd13e22a848bc42c7a84ad0d6251"}
,"C:\\Users\\peres\\Desktop\\projects\\portfolio-website\\portfolio-website-server\\client\\src\\components\\ProjectPage\\BeforeNext.jsx": {"path":"C:\\Users\\peres\\Desktop\\projects\\portfolio-website\\portfolio-website-server\\client\\src\\components\\ProjectPage\\BeforeNext.jsx","statementMap":{"0":{"start":{"line":9,"column":18},"end":{"line":17,"column":2}},"1":{"start":{"line":20,"column":18},"end":{"line":20,"column":29}},"2":{"start":{"line":21,"column":2},"end":{"line":26,"column":4}}},"fnMap":{"0":{"name":"BeforeNext","decl":{"start":{"line":19,"column":9},"end":{"line":19,"column":19}},"loc":{"start":{"line":19,"column":27},"end":{"line":27,"column":1}},"line":19}},"branchMap":{},"s":{"0":2,"1":9,"2":9},"f":{"0":9},"b":{},"_coverageSchema":"43e27e138ebf9cfc5966b082cf9a028302ed4184","hash":"6f91f4ed6fdc01fc4e7f6e4bb5421f9ce4936180"}
,"C:\\Users\\peres\\Desktop\\projects\\portfolio-website\\portfolio-website-server\\client\\src\\components\\ProjectPage\\Next.jsx": {"path":"C:\\Users\\peres\\Desktop\\projects\\portfolio-website\\portfolio-website-server\\client\\src\\components\\ProjectPage\\Next.jsx","statementMap":{"0":{"start":{"line":7,"column":17},"end":{"line":7,"column":35}},"1":{"start":{"line":9,"column":2},"end":{"line":18,"column":4}}},"fnMap":{"0":{"name":"Next","decl":{"start":{"line":6,"column":9},"end":{"line":6,"column":13}},"loc":{"start":{"line":6,"column":21},"end":{"line":19,"column":1}},"line":6}},"branchMap":{"0":{"loc":{"start":{"line":9,"column":9},"end":{"line":18,"column":3}},"type":"cond-expr","locations":[{"start":{"line":9,"column":59},"end":{"line":9,"column":63}},{"start":{"line":10,"column":4},"end":{"line":17,"column":10}}],"line":9}},"s":{"0":9,"1":9},"f":{"0":9},"b":{"0":[1,8]},"_coverageSchema":"43e27e138ebf9cfc5966b082cf9a028302ed4184","hash":"a6721c7fa998c9fe5f664154bd257445aa9190df"}
,"C:\\Users\\peres\\Desktop\\projects\\portfolio-website\\portfolio-website-server\\client\\src\\components\\ProjectPage\\Project.jsx": {"path":"C:\\Users\\peres\\Desktop\\projects\\portfolio-website\\portfolio-website-server\\client\\src\\components\\ProjectPage\\Project.jsx","statementMap":{"0":{"start":{"line":13,"column":18},"end":{"line":28,"column":3}},"1":{"start":{"line":13,"column":39},"end":{"line":28,"column":1}},"2":{"start":{"line":31,"column":18},"end":{"line":31,"column":29}},"3":{"start":{"line":32,"column":17},"end":{"line":32,"column":35}},"4":{"start":{"line":33,"column":28},"end":{"line":35,"column":4}},"5":{"start":{"line":34,"column":4},"end":{"line":34,"column":34}},"6":{"start":{"line":37,"column":2},"end":{"line":51,"column":4}}},"fnMap":{"0":{"name":"(anonymous_0)","decl":{"start":{"line":13,"column":29},"end":{"line":13,"column":30}},"loc":{"start":{"line":13,"column":39},"end":{"line":28,"column":1}},"line":13},"1":{"name":"Project","decl":{"start":{"line":30,"column":24},"end":{"line":30,"column":31}},"loc":{"start":{"line":30,"column":39},"end":{"line":52,"column":1}},"line":30},"2":{"name":"(anonymous_2)","decl":{"start":{"line":33,"column":48},"end":{"line":33,"column":49}},"loc":{"start":{"line":33,"column":56},"end":{"line":35,"column":3}},"line":33}},"branchMap":{"0":{"loc":{"start":{"line":37,"column":9},"end":{"line":51,"column":3}},"type":"cond-expr","locations":[{"start":{"line":38,"column":4},"end":{"line":42,"column":10}},{"start":{"line":44,"column":4},"end":{"line":50,"column":10}}],"line":37}},"s":{"0":2,"1":4,"2":9,"3":9,"4":9,"5":45,"6":9},"f":{"0":4,"1":9,"2":45},"b":{"0":[0,9]},"_coverageSchema":"43e27e138ebf9cfc5966b082cf9a028302ed4184","hash":"d6c83e4e0c216ddb6e9450bd37f52245d687a096"}
,"C:\\Users\\peres\\Desktop\\projects\\portfolio-website\\portfolio-website-server\\client\\src\\components\\ProjectPage\\ProjectDescription.jsx": {"path":"C:\\Users\\peres\\Desktop\\projects\\portfolio-website\\portfolio-website-server\\client\\src\\components\\ProjectPage\\ProjectDescription.jsx","statementMap":{"0":{"start":{"line":13,"column":18},"end":{"line":30,"column":3}},"1":{"start":{"line":13,"column":39},"end":{"line":30,"column":1}},"2":{"start":{"line":33,"column":18},"end":{"line":33,"column":29}},"3":{"start":{"line":34,"column":2},"end":{"line":77,"column":4}}},"fnMap":{"0":{"name":"(anonymous_0)","decl":{"start":{"line":13,"column":29},"end":{"line":13,"column":30}},"loc":{"start":{"line":13,"column":39},"end":{"line":30,"column":1}},"line":13},"1":{"name":"ProjectDescription","decl":{"start":{"line":32,"column":24},"end":{"line":32,"column":42}},"loc":{"start":{"line":32,"column":64},"end":{"line":78,"column":1}},"line":32}},"branchMap":{"0":{"loc":{"start":{"line":61,"column":11},"end":{"line":73,"column":11}},"type":"cond-expr","locations":[{"start":{"line":61,"column":34},"end":{"line":61,"column":38}},{"start":{"line":63,"column":12},"end":{"line":72,"column":21}}],"line":61}},"s":{"0":2,"1":4,"2":9,"3":9},"f":{"0":4,"1":9},"b":{"0":[2,7]},"_coverageSchema":"43e27e138ebf9cfc5966b082cf9a028302ed4184","hash":"58dd7b0e6d5b237b35b1e361a1fc2be44c0afb33"}
,"C:\\Users\\peres\\Desktop\\projects\\portfolio-website\\portfolio-website-server\\client\\src\\components\\ProjectPage\\ProjectImage.jsx": {"path":"C:\\Users\\peres\\Desktop\\projects\\portfolio-website\\portfolio-website-server\\client\\src\\components\\ProjectPage\\ProjectImage.jsx","statementMap":{"0":{"start":{"line":7,"column":18},"end":{"line":23,"column":3}},"1":{"start":{"line":7,"column":39},"end":{"line":23,"column":1}},"2":{"start":{"line":26,"column":18},"end":{"line":26,"column":29}},"3":{"start":{"line":27,"column":2},"end":{"line":37,"column":4}}},"fnMap":{"0":{"name":"(anonymous_0)","decl":{"start":{"line":7,"column":29},"end":{"line":7,"column":30}},"loc":{"start":{"line":7,"column":39},"end":{"line":23,"column":1}},"line":7},"1":{"name":"ProjectImage","decl":{"start":{"line":25,"column":24},"end":{"line":25,"column":36}},"loc":{"start":{"line":25,"column":58},"end":{"line":38,"column":1}},"line":25}},"branchMap":{},"s":{"0":2,"1":4,"2":9,"3":9},"f":{"0":4,"1":9},"b":{},"_coverageSchema":"43e27e138ebf9cfc5966b082cf9a028302ed4184","hash":"aa11b4dc6b778c4a1596f95047ebed462a5ef224"}
,"C:\\Users\\peres\\Desktop\\projects\\portfolio-website\\portfolio-website-server\\client\\src\\database\\Projects.js": {"path":"C:\\Users\\peres\\Desktop\\projects\\portfolio-website\\portfolio-website-server\\client\\src\\database\\Projects.js","statementMap":{"0":{"start":{"line":1,"column":20},"end":{"line":62,"column":1}}},"fnMap":{},"branchMap":{},"s":{"0":2},"f":{},"b":{},"_coverageSchema":"43e27e138ebf9cfc5966b082cf9a028302ed4184","hash":"2cd50546dd2cdb7de8cf16d2f1786d3c7a337078"}
}
