TN:
SF:C:\Users\peres\Desktop\projects\portfolio-website\portfolio-website-server\client\src\App.js
FN:14,App
FNF:1
FNH:1
FNDA:8,App
DA:15,8
LF:1
LH:1
BRF:0
BRH:0
end_of_record
TN:
SF:C:\Users\peres\Desktop\projects\portfolio-website\portfolio-website-server\client\src\index.js
FNF:0
FNH:0
DA:8,0
DA:18,0
LF:2
LH:0
BRF:0
BRH:0
end_of_record
TN:
SF:C:\Users\peres\Desktop\projects\portfolio-website\portfolio-website-server\client\src\serviceWorker.js
FN:23,register
FN:34,(anonymous_1)
FN:43,(anonymous_2)
FN:57,registerValidSW
FN:60,(anonymous_4)
FN:61,(anonymous_5)
FN:66,(anonymous_6)
FN:96,(anonymous_7)
FN:101,checkValidServiceWorker
FN:104,(anonymous_9)
FN:112,(anonymous_10)
FN:113,(anonymous_11)
FN:122,(anonymous_12)
FN:129,unregister
FN:131,(anonymous_14)
FNF:15
FNH:0
FNDA:0,register
FNDA:0,(anonymous_1)
FNDA:0,(anonymous_2)
FNDA:0,registerValidSW
FNDA:0,(anonymous_4)
FNDA:0,(anonymous_5)
FNDA:0,(anonymous_6)
FNDA:0,(anonymous_7)
FNDA:0,checkValidServiceWorker
FNDA:0,(anonymous_9)
FNDA:0,(anonymous_10)
FNDA:0,(anonymous_11)
FNDA:0,(anonymous_12)
FNDA:0,unregister
FNDA:0,(anonymous_14)
DA:13,0
DA:24,0
DA:26,0
DA:27,0
DA:31,0
DA:34,0
DA:35,0
DA:37,0
DA:39,0
DA:43,0
DA:44,0
DA:51,0
DA:58,0
DA:61,0
DA:62,0
DA:63,0
DA:64,0
DA:66,0
DA:67,0
DA:68,0
DA:72,0
DA:78,0
DA:79,0
DA:85,0
DA:88,0
DA:89,0
DA:97,0
DA:103,0
DA:106,0
DA:107,0
DA:112,0
DA:113,0
DA:114,0
DA:119,0
DA:123,0
DA:130,0
DA:131,0
DA:132,0
LF:38
LH:0
BRDA:14,0,0,0
BRDA:14,0,1,0
BRDA:14,0,2,0
BRDA:24,1,0,0
BRDA:24,1,1,0
BRDA:24,2,0,0
BRDA:24,2,1,0
BRDA:27,3,0,0
BRDA:27,3,1,0
BRDA:37,4,0,0
BRDA:37,4,1,0
BRDA:63,5,0,0
BRDA:63,5,1,0
BRDA:67,6,0,0
BRDA:67,6,1,0
BRDA:68,7,0,0
BRDA:68,7,1,0
BRDA:78,8,0,0
BRDA:78,8,1,0
BRDA:78,9,0,0
BRDA:78,9,1,0
BRDA:88,10,0,0
BRDA:88,10,1,0
BRDA:88,11,0,0
BRDA:88,11,1,0
BRDA:107,12,0,0
BRDA:107,12,1,0
BRDA:108,13,0,0
BRDA:108,13,1,0
BRDA:108,13,2,0
BRDA:130,14,0,0
BRDA:130,14,1,0
BRF:32
BRH:0
end_of_record
TN:
SF:C:\Users\peres\Desktop\projects\portfolio-website\portfolio-website-server\client\src\Helpers\FormHandlers.js
FNF:0
FNH:0
LF:0
LH:0
BRF:0
BRH:0
end_of_record
TN:
SF:C:\Users\peres\Desktop\projects\portfolio-website\portfolio-website-server\client\src\components\HomePage.jsx
FN:15,(anonymous_0)
FN:40,HomePage
FN:50,(anonymous_2)
FNF:3
FNH:3
FNDA:8,(anonymous_0)
FNDA:8,HomePage
FNDA:40,(anonymous_2)
DA:15,8
DA:41,8
DA:42,8
DA:51,40
LF:4
LH:4
BRDA:53,0,0,40
BRDA:53,0,1,0
BRDA:54,1,0,40
BRDA:54,1,1,0
BRF:4
BRH:2
end_of_record
TN:
SF:C:\Users\peres\Desktop\projects\portfolio-website\portfolio-website-server\client\src\components\About\About.jsx
FN:24,About
FNF:1
FNH:1
FNDA:1,About
DA:8,1
DA:25,1
DA:26,1
LF:3
LH:3
BRF:0
BRH:0
end_of_record
TN:
SF:C:\Users\peres\Desktop\projects\portfolio-website\portfolio-website-server\client\src\components\About\DescriptionMe.jsx
FN:14,DescriptionMe
FNF:1
FNH:1
FNDA:1,DescriptionMe
DA:7,1
DA:15,1
DA:16,1
LF:3
LH:3
BRF:0
BRH:0
end_of_record
TN:
SF:C:\Users\peres\Desktop\projects\portfolio-website\portfolio-website-server\client\src\components\About\ProfilePhoto.jsx
FN:17,ProfilePhoto
FNF:1
FNH:1
FNDA:1,ProfilePhoto
DA:7,1
DA:18,1
DA:19,1
LF:3
LH:3
BRF:0
BRH:0
end_of_record
TN:
SF:C:\Users\peres\Desktop\projects\portfolio-website\portfolio-website-server\client\src\components\Contact\ContactDetails.jsx
FN:10,(anonymous_0)
FN:28,ContactDetails
FNF:2
FNH:2
FNDA:1,(anonymous_0)
FNDA:1,ContactDetails
DA:10,1
DA:29,1
DA:30,1
LF:3
LH:3
BRF:0
BRH:0
end_of_record
TN:
SF:C:\Users\peres\Desktop\projects\portfolio-website\portfolio-website-server\client\src\components\Contact\ContactPage.jsx
FN:17,ContactPage
FNF:1
FNH:1
FNDA:1,ContactPage
DA:8,1
DA:19,1
DA:20,1
LF:3
LH:3
BRF:0
BRH:0
end_of_record
TN:
SF:C:\Users\peres\Desktop\projects\portfolio-website\portfolio-website-server\client\src\components\Footer\ContactDetails.jsx
FN:22,ContactDetails
FNF:1
FNH:1
FNDA:10,ContactDetails
DA:8,1
DA:23,10
DA:24,10
LF:3
LH:3
BRF:0
BRH:0
end_of_record
TN:
SF:C:\Users\peres\Desktop\projects\portfolio-website\portfolio-website-server\client\src\components\Footer\Copyright.jsx
FN:19,Copyright
FNF:1
FNH:1
FNDA:11,Copyright
DA:7,1
DA:17,1
DA:20,11
DA:21,11
LF:4
LH:4
BRF:0
BRH:0
end_of_record
TN:
SF:C:\Users\peres\Desktop\projects\portfolio-website\portfolio-website-server\client\src\components\Footer\Footer.jsx
FN:11,(anonymous_0)
FN:29,Footer
FNF:2
FNH:2
FNDA:8,(anonymous_0)
FNDA:11,Footer
DA:11,8
DA:30,11
DA:31,11
DA:32,11
DA:33,1
DA:39,10
LF:6
LH:6
BRDA:32,0,0,1
BRDA:32,0,1,10
BRF:2
BRH:2
end_of_record
TN:
SF:C:\Users\peres\Desktop\projects\portfolio-website\portfolio-website-server\client\src\components\Footer\SocialMedia.jsx
FN:16,SocialMedia
FNF:1
FNH:1
FNDA:10,SocialMedia
DA:10,1
DA:17,10
DA:18,10
LF:3
LH:3
BRF:0
BRH:0
end_of_record
TN:
SF:C:\Users\peres\Desktop\projects\portfolio-website\portfolio-website-server\client\src\components\Form\ContactUsForm.jsx
FN:26,ContactUsForm
FNF:1
FNH:1
FNDA:11,ContactUsForm
DA:7,1
DA:27,11
DA:28,11
LF:3
LH:3
BRDA:52,0,0,10
BRDA:52,0,1,1
BRF:2
BRH:2
end_of_record
TN:
SF:C:\Users\peres\Desktop\projects\portfolio-website\portfolio-website-server\client\src\components\Form\FormContainer.jsx
FN:22,FormContainer
FN:26,(anonymous_1)
FN:31,(anonymous_2)
FN:34,(anonymous_3)
FN:39,(anonymous_4)
FN:50,(anonymous_5)
FNF:6
FNH:3
FNDA:11,FormContainer
FNDA:9,(anonymous_1)
FNDA:0,(anonymous_2)
FNDA:0,(anonymous_3)
FNDA:0,(anonymous_4)
FNDA:11,(anonymous_5)
DA:10,1
DA:16,1
DA:23,11
DA:24,11
DA:26,11
DA:27,9
DA:28,9
DA:31,11
DA:32,0
DA:35,0
DA:36,0
DA:37,0
DA:40,0
DA:41,0
DA:44,11
DA:45,11
DA:50,11
LF:17
LH:11
BRDA:33,0,0,0
BRDA:33,0,1,0
BRF:2
BRH:0
end_of_record
TN:
SF:C:\Users\peres\Desktop\projects\portfolio-website\portfolio-website-server\client\src\components\Form\FormMessage.jsx
FN:14,FormMessage
FNF:1
FNH:1
FNDA:11,FormMessage
DA:5,1
DA:15,11
DA:16,11
DA:17,11
DA:19,0
LF:5
LH:4
BRDA:16,0,0,11
BRDA:16,0,1,0
BRDA:19,1,0,0
BRDA:19,1,1,0
BRDA:19,2,0,0
BRDA:19,2,1,0
BRF:6
BRH:1
end_of_record
TN:
SF:C:\Users\peres\Desktop\projects\portfolio-website\portfolio-website-server\client\src\components\Header\Center.jsx
FN:16,Center
FNF:1
FNH:1
FNDA:11,Center
DA:7,1
DA:17,11
DA:18,11
LF:3
LH:3
BRF:0
BRH:0
end_of_record
TN:
SF:C:\Users\peres\Desktop\projects\portfolio-website\portfolio-website-server\client\src\components\Header\Header.jsx
FN:20,Header
FNF:1
FNH:1
FNDA:11,Header
DA:8,1
DA:21,11
DA:22,11
LF:3
LH:3
BRF:0
BRH:0
end_of_record
TN:
SF:C:\Users\peres\Desktop\projects\portfolio-website\portfolio-website-server\client\src\components\Header\NavBar.jsx
FN:17,NavBar
FNF:1
FNH:1
FNDA:11,NavBar
DA:6,1
DA:18,11
DA:19,11
LF:3
LH:3
BRF:0
BRH:0
end_of_record
TN:
SF:C:\Users\peres\Desktop\projects\portfolio-website\portfolio-website-server\client\src\components\Header\Title.jsx
FN:17,Title
FNF:1
FNH:1
FNDA:11,Title
DA:7,1
DA:18,11
DA:19,11
LF:3
LH:3
BRF:0
BRH:0
end_of_record
TN:
SF:C:\Users\peres\Desktop\projects\portfolio-website\portfolio-website-server\client\src\components\ProjectPage\Before.jsx
FN:6,Before
FNF:1
FNH:1
FNDA:1,Before
DA:7,1
DA:8,1
LF:2
LH:2
BRDA:8,0,0,1
BRDA:8,0,1,0
BRF:2
BRH:1
end_of_record
TN:
SF:C:\Users\peres\Desktop\projects\portfolio-website\portfolio-website-server\client\src\components\ProjectPage\BeforeNext.jsx
FN:19,BeforeNext
FNF:1
FNH:1
FNDA:1,BeforeNext
DA:9,1
DA:20,1
DA:21,1
LF:3
LH:3
BRF:0
BRH:0
end_of_record
TN:
SF:C:\Users\peres\Desktop\projects\portfolio-website\portfolio-website-server\client\src\components\ProjectPage\Next.jsx
FN:6,Next
FNF:1
FNH:1
FNDA:1,Next
DA:7,1
DA:9,1
LF:2
LH:2
BRDA:9,0,0,0
BRDA:9,0,1,1
BRF:2
BRH:1
end_of_record
TN:
SF:C:\Users\peres\Desktop\projects\portfolio-website\portfolio-website-server\client\src\components\ProjectPage\Project.jsx
FN:13,(anonymous_0)
FN:30,Project
FN:33,(anonymous_2)
FNF:3
FNH:3
FNDA:1,(anonymous_0)
FNDA:1,Project
FNDA:5,(anonymous_2)
DA:13,1
DA:31,1
DA:32,1
DA:33,1
DA:34,5
DA:37,1
LF:6
LH:6
BRDA:37,0,0,0
BRDA:37,0,1,1
BRF:2
BRH:1
end_of_record
TN:
SF:C:\Users\peres\Desktop\projects\portfolio-website\portfolio-website-server\client\src\components\ProjectPage\ProjectDescription.jsx
FN:13,(anonymous_0)
FN:32,ProjectDescription
FNF:2
FNH:2
FNDA:1,(anonymous_0)
FNDA:1,ProjectDescription
DA:13,1
DA:33,1
DA:34,1
LF:3
LH:3
BRDA:61,0,0,0
BRDA:61,0,1,1
BRF:2
BRH:1
end_of_record
TN:
SF:C:\Users\peres\Desktop\projects\portfolio-website\portfolio-website-server\client\src\components\ProjectPage\ProjectImage.jsx
FN:7,(anonymous_0)
FN:25,ProjectImage
FNF:2
FNH:2
FNDA:1,(anonymous_0)
FNDA:1,ProjectImage
DA:7,1
DA:26,1
DA:27,1
LF:3
LH:3
BRF:0
BRH:0
end_of_record
TN:
SF:C:\Users\peres\Desktop\projects\portfolio-website\portfolio-website-server\client\src\database\Projects.js
FNF:0
FNH:0
DA:1,1
LF:1
LH:1
BRF:0
BRH:0
end_of_record
